\#
# A fatal error has been detected by the Java Runtime Environment:
#
#  EXCEPTION_ACCESS_VIOLATION (0xc0000005) at pc=0x695dc61f, pid=2096, tid=4996
#
# JRE version: 6.0_29-b11
# Java VM: Java HotSpot(TM) Client VM (20.4-b02 mixed mode, sharing windows-x86 )
# Problematic frame:
# C  [nvoglv32.DLL+0xdc61f]
#
# If you would like to submit a bug report, please visit:
#   http://java.sun.com/webapps/bugreport/crash.jsp
# The crash happened outside the Java Virtual Machine in native code.
# See problematic frame for where to report the bug.
#

---------------  T H R E A D  ---------------

Current thread (0x07c2cc00):  JavaThread "AWT-EventQueue-0" [_thread_in_native, id=4996, stack(0x0bee0000,0x0bf30000)]

siginfo: ExceptionCode=0xc0000005, writing address 0x0b955b9c

Registers:
EAX=0x00008079, EBX=0x34ac9b88, ECX=0x00000000, EDX=0x00002a24
ESP=0x0bf2ea10, EBP=0x0bf2ea14, ESI=0x0b94bbc0, EDI=0x00000018
EIP=0x695dc61f, EFLAGS=0x00010246

Top of Stack: (sp=0x0bf2ea10)
0x0bf2ea10:   69c14c80 0bf2ea2c 6991e77b 00008079
0x0bf2ea20:   07c2cc00 34ac9b88 34ac9b88 0bf2ea40
0x0bf2ea30:   6991a122 00002a24 00000000 00000000
0x0bf2ea40:   0bf2ea54 695c4804 00002a24 00000000
0x0bf2ea50:   00000000 0bf2ea68 10007d65 00002a24
0x0bf2ea60:   00000000 00000000 0bf2eab4 02609fc7
0x0bf2ea70:   07c2cd28 0bf2ead4 00002a24 00000000
0x0bf2ea80:   00000000 00000000 00000002 2a4015b8 

Instructions: (pc=0x695dc61f)
0x695dc5ff:   9f 00 00 ff 5e 5d c2 04 00 cc cc cc cc cc cc cc
0x695dc60f:   cc 55 8b ec 56 64 a1 f0 0b 00 00 8b f0 8b 45 08
0x695dc61f:   83 86 dc 9f 00 00 01 50 e8 a4 24 25 00 83 86 dc
0x695dc62f:   9f 00 00 ff 5e 5d c2 04 00 cc cc cc cc cc cc cc 


Register to memory mapping:

EAX=0x00008079 is an unknown value
EBX=0x34ac9b88 is an oop
{method} 
 - klass: {other class}
ECX=0x00000000 is an unknown value
EDX=0x00002a24 is an unknown value
ESP=0x0bf2ea10 is pointing into the stack for thread: 0x07c2cc00
EBP=0x0bf2ea14 is pointing into the stack for thread: 0x07c2cc00
ESI=0x0b94bbc0 is an unknown value
EDI=0x00000018 is an unknown value


Stack: [0x0bee0000,0x0bf30000],  sp=0x0bf2ea10,  free space=314k
Native frames: (J=compiled Java code, j=interpreted, Vv=VM code, C=native code)
C  [nvoglv32.DLL+0xdc61f]
C  [nvoglv32.DLL+0x41e77b]
C  [nvoglv32.DLL+0x41a122]
C  [nvoglv32.DLL+0xc4804]
C  [jogl.dll+0x7d65]  Java_com_sun_opengl_impl_GLImpl_glInterleavedArrays0__IIJ+0x15
j  com.sun.opengl.impl.GLImpl.glInterleavedArrays0(IIJ)V+0
j  com.sun.opengl.impl.GLImpl.glInterleavedArrays(IIJ)V+8
j  gov.nasa.worldwind.layers.StarsLayer.drawWithVBO(Lgov/nasa/worldwind/render/DrawContext;)Z+83
j  gov.nasa.worldwind.layers.StarsLayer.doRender(Lgov/nasa/worldwind/render/DrawContext;)V+208
J  gov.nasa.worldwind.layers.AbstractLayer.render(Lgov/nasa/worldwind/render/DrawContext;)V
j  gov.nasa.worldwind.BasicSceneController.doRepaint(Lgov/nasa/worldwind/render/DrawContext;)V+42
j  gov.nasa.worldwind.AbstractSceneController.repaint()I+58
j  gov.nasa.worldwind.WorldWindowGLAutoDrawable.doDisplay()I+4
j  gov.nasa.worldwind.WorldWindowGLAutoDrawable.display(Ljavax/media/opengl/GLAutoDrawable;)V+115
j  com.sun.opengl.impl.GLDrawableHelper.display(Ljavax/media/opengl/GLAutoDrawable;)V+29
j  javax.media.opengl.GLCanvas$DisplayAction.run()V+80
j  com.sun.opengl.impl.GLDrawableHelper.invokeGL(Ljavax/media/opengl/GLDrawable;Ljavax/media/opengl/GLContext;Ljava/lang/Runnable;Ljava/lang/Runnable;)V+418
j  javax.media.opengl.GLCanvas.maybeDoSingleThreadedWorkaround(Ljava/lang/Runnable;Ljava/lang/Runnable;)V+36
j  javax.media.opengl.GLCanvas.display()V+9
j  javax.media.opengl.GLCanvas.paint(Ljava/awt/Graphics;)V+125
j  javax.media.opengl.GLCanvas.update(Ljava/awt/Graphics;)V+2
j  sun.awt.RepaintArea.updateComponent(Ljava/awt/Component;Ljava/awt/Graphics;)V+6
j  sun.awt.RepaintArea.paint(Ljava/lang/Object;Z)V+263
j  sun.awt.windows.WComponentPeer.handleEvent(Ljava/awt/AWTEvent;)V+107
j  java.awt.Component.dispatchEventImpl(Ljava/awt/AWTEvent;)V+853
J  java.awt.EventQueue.dispatchEventImpl(Ljava/awt/AWTEvent;Ljava/lang/Object;)V
V  [jvm.dll+0xfac3b]
V  [jvm.dll+0x18c391]
V  [jvm.dll+0xfacbd]
V  [jvm.dll+0xbb654]
C  [java.dll+0x102f]  Java_java_security_AccessController_doPrivileged__Ljava_security_PrivilegedAction_2Ljava_security_AccessControlContext_2+0x17
J  java.security.AccessControlContext$1.doIntersectionPrivilege(Ljava/security/PrivilegedAction;Ljava/security/AccessControlContext;Ljava/security/AccessControlContext;)Ljava/lang/Object;
j  java.awt.EventQueue$2.run()Ljava/lang/Void;+11
j  java.awt.EventQueue$2.run()Ljava/lang/Object;+1
v  ~StubRoutines::call_stub
V  [jvm.dll+0xfac3b]
V  [jvm.dll+0x18c391]
V  [jvm.dll+0xfacbd]
V  [jvm.dll+0xbb654]
C  [java.dll+0x102f]  Java_java_security_AccessController_doPrivileged__Ljava_security_PrivilegedAction_2Ljava_security_AccessControlContext_2+0x17
J  java.awt.EventQueue.dispatchEvent(Ljava/awt/AWTEvent;)V
j  java.awt.EventDispatchThread.pumpEvents(ILjava/awt/Conditional;)V+4
j  java.awt.EventDispatchThread.pumpEvents(Ljava/awt/Conditional;)V+3
j  java.awt.EventDispatchThread.run()V+9
v  ~StubRoutines::call_stub
V  [jvm.dll+0xfac3b]
V  [jvm.dll+0x18c391]
V  [jvm.dll+0xfade1]
V  [jvm.dll+0xfae3b]
V  [jvm.dll+0xb5569]
V  [jvm.dll+0x118f14]
V  [jvm.dll+0x140fec]
C  [msvcr71.dll+0x9565]  endthreadex+0xa0
C  [kernel32.dll+0x1339a]  BaseThreadInitThunk+0x12
C  [ntdll.dll+0x39ed2]  RtlInitializeExceptionChain+0x63
C  [ntdll.dll+0x39ea5]  RtlInitializeExceptionChain+0x36

Java frames: (J=compiled Java code, j=interpreted, Vv=VM code)
j  com.sun.opengl.impl.GLImpl.glInterleavedArrays0(IIJ)V+0
j  com.sun.opengl.impl.GLImpl.glInterleavedArrays(IIJ)V+8
j  gov.nasa.worldwind.layers.StarsLayer.drawWithVBO(Lgov/nasa/worldwind/render/DrawContext;)Z+83
j  gov.nasa.worldwind.layers.StarsLayer.doRender(Lgov/nasa/worldwind/render/DrawContext;)V+208
J  gov.nasa.worldwind.layers.AbstractLayer.render(Lgov/nasa/worldwind/render/DrawContext;)V
J  gov.nasa.worldwind.AbstractSceneController.draw(Lgov/nasa/worldwind/render/DrawContext;)V
j  gov.nasa.worldwind.StereoOptionSceneController.draw(Lgov/nasa/worldwind/render/DrawContext;)V+64
j  gov.nasa.worldwind.BasicSceneController.doRepaint(Lgov/nasa/worldwind/render/DrawContext;)V+42
j  gov.nasa.worldwind.AbstractSceneController.repaint()I+58
j  gov.nasa.worldwind.WorldWindowGLAutoDrawable.doDisplay()I+4
j  gov.nasa.worldwind.WorldWindowGLAutoDrawable.display(Ljavax/media/opengl/GLAutoDrawable;)V+115
j  com.sun.opengl.impl.GLDrawableHelper.display(Ljavax/media/opengl/GLAutoDrawable;)V+29
j  javax.media.opengl.GLCanvas$DisplayAction.run()V+80
j  com.sun.opengl.impl.GLDrawableHelper.invokeGL(Ljavax/media/opengl/GLDrawable;Ljavax/media/opengl/GLContext;Ljava/lang/Runnable;Ljava/lang/Runnable;)V+418
j  javax.media.opengl.GLCanvas.maybeDoSingleThreadedWorkaround(Ljava/lang/Runnable;Ljava/lang/Runnable;)V+36
j  javax.media.opengl.GLCanvas.display()V+9
j  javax.media.opengl.GLCanvas.paint(Ljava/awt/Graphics;)V+125
j  javax.media.opengl.GLCanvas.update(Ljava/awt/Graphics;)V+2
j  sun.awt.RepaintArea.updateComponent(Ljava/awt/Component;Ljava/awt/Graphics;)V+6
j  sun.awt.RepaintArea.paint(Ljava/lang/Object;Z)V+263
j  sun.awt.windows.WComponentPeer.handleEvent(Ljava/awt/AWTEvent;)V+107
j  java.awt.Component.dispatchEventImpl(Ljava/awt/AWTEvent;)V+853
J  java.awt.EventQueue.dispatchEventImpl(Ljava/awt/AWTEvent;Ljava/lang/Object;)V
J  java.awt.EventQueue$1.run()Ljava/lang/Object;
v  ~StubRoutines::call_stub
J  java.security.AccessController.doPrivileged(Ljava/security/PrivilegedAction;Ljava/security/AccessControlContext;)Ljava/lang/Object;
J  java.security.AccessControlContext$1.doIntersectionPrivilege(Ljava/security/PrivilegedAction;Ljava/security/AccessControlContext;Ljava/security/AccessControlContext;)Ljava/lang/Object;
j  java.security.AccessControlContext$1.doIntersectionPrivilege(Ljava/security/PrivilegedAction;Ljava/security/AccessControlContext;)Ljava/lang/Object;+6
j  java.awt.EventQueue$2.run()Ljava/lang/Void;+11
j  java.awt.EventQueue$2.run()Ljava/lang/Object;+1
v  ~StubRoutines::call_stub
J  java.security.AccessController.doPrivileged(Ljava/security/PrivilegedAction;Ljava/security/AccessControlContext;)Ljava/lang/Object;
J  java.awt.EventQueue.dispatchEvent(Ljava/awt/AWTEvent;)V
J  java.awt.EventDispatchThread.pumpOneEventForFilters(I)Z
J  java.awt.EventDispatchThread.pumpEventsForFilter(ILjava/awt/Conditional;Ljava/awt/EventFilter;)V
j  java.awt.EventDispatchThread.pumpEventsForHierarchy(ILjava/awt/Conditional;Ljava/awt/Component;)V+11
j  java.awt.EventDispatchThread.pumpEvents(ILjava/awt/Conditional;)V+4
j  java.awt.EventDispatchThread.pumpEvents(Ljava/awt/Conditional;)V+3
j  java.awt.EventDispatchThread.run()V+9
v  ~StubRoutines::call_stub

---------------  P R O C E S S  ---------------

Java Threads: ( => current thread )
=>0x07c2cc00 JavaThread "AWT-EventQueue-0" [_thread_in_native, id=4996, stack(0x0bee0000,0x0bf30000)]
  0x07c29400 JavaThread "SwingWorker-pool-2-thread-1" daemon [_thread_blocked, id=2760, stack(0x0b100000,0x0b150000)]
  0x07c2a400 JavaThread "Idle World Wind Task " daemon [_thread_blocked, id=7284, stack(0x09e80000,0x09ed0000)]
  0x07c28400 JavaThread "Idle World Wind Task " daemon [_thread_blocked, id=7936, stack(0x0b070000,0x0b0c0000)]
  0x07c29000 JavaThread "Idle World Wind Task " daemon [_thread_blocked, id=5272, stack(0x0afe0000,0x0b030000)]
  0x07c28800 JavaThread "WeakCollectionCleaner" daemon [_thread_blocked, id=6824, stack(0x07b10000,0x07b60000)]
  0x07c2c800 JavaThread "Idle World Wind Task " daemon [_thread_blocked, id=3640, stack(0x0b490000,0x0b4e0000)]
  0x07c2c000 JavaThread "Idle World Wind Task " daemon [_thread_blocked, id=4460, stack(0x0b400000,0x0b450000)]
  0x07c2bc00 JavaThread "Idle World Wind Task " daemon [_thread_blocked, id=5228, stack(0x0b370000,0x0b3c0000)]
  0x07c2b000 JavaThread "Idle World Wind Task " daemon [_thread_blocked, id=3408, stack(0x0b250000,0x0b2a0000)]
  0x07c2b400 JavaThread "DestroyJavaVM" [_thread_blocked, id=6600, stack(0x00430000,0x00480000)]
  0x07c2a800 JavaThread "Idle World Wind Task " daemon [_thread_blocked, id=3852, stack(0x0a650000,0x0a6a0000)]
  0x07c29c00 JavaThread "Swing-Shell" daemon [_thread_blocked, id=2152, stack(0x09870000,0x098c0000)]
  0x07c27c00 JavaThread "D3D Screen Updater" daemon [_thread_blocked, id=4836, stack(0x07a60000,0x07ab0000)]
  0x07c27000 JavaThread "AWT-Shutdown" [_thread_blocked, id=5952, stack(0x07940000,0x07990000)]
  0x07c26800 JavaThread "Thread-11" daemon [_thread_blocked, id=4208, stack(0x078b0000,0x07900000)]
  0x07c26400 JavaThread "TimerQueue" daemon [_thread_blocked, id=4020, stack(0x053d0000,0x05420000)]
  0x07c25c00 JavaThread "Layer Resource Retriever USGS Topographic Maps 1:24K" daemon [_thread_blocked, id=5828, stack(0x07820000,0x07870000)]
  0x07ceec00 JavaThread "Layer Resource Retriever USGS Topographic Maps 1:100K" daemon [_thread_blocked, id=5216, stack(0x08c90000,0x08ce0000)]
  0x07cee800 JavaThread "Idle World Wind Retriever" daemon [_thread_blocked, id=1048, stack(0x08c00000,0x08c50000)]
  0x04df0000 JavaThread "Layer Resource Retriever USGS Topographic Maps 1:250K" daemon [_thread_blocked, id=4608, stack(0x08b70000,0x08bc0000)]
  0x04ddfc00 JavaThread "Layer Resource Retriever i-cubed Landsat" daemon [_thread_blocked, id=2868, stack(0x08ae0000,0x08b30000)]
  0x04efc400 JavaThread "Idle World Wind Retriever" daemon [_thread_blocked, id=7376, stack(0x08a90000,0x08ae0000)]
  0x0509a800 JavaThread "Layer Resource Retriever Blue Marble (WMS) 2004" daemon [_thread_blocked, id=7880, stack(0x08980000,0x089d0000)]
  0x050bc000 JavaThread "Idle World Wind Retriever" daemon [_thread_blocked, id=5616, stack(0x08740000,0x08790000)]
  0x07be8800 JavaThread "ElevationModel Resource Retriever Earth Elevation Model (USA 10m, WordWide 30m, Ocean 900m)" daemon [_thread_blocked, id=7412, stack(0x086b0000,0x08700000)]
  0x04c9f800 JavaThread "AWT-Windows" daemon [_thread_in_native, id=6724, stack(0x05460000,0x054b0000)]
  0x04c9ec00 JavaThread "Java2D Disposer" daemon [_thread_blocked, id=4840, stack(0x051e0000,0x05230000)]
  0x00508c00 JavaThread "Low Memory Detector" daemon [_thread_blocked, id=7892, stack(0x04a00000,0x04a50000)]
  0x004fb800 JavaThread "C1 CompilerThread0" daemon [_thread_blocked, id=7624, stack(0x04970000,0x049c0000)]
  0x004fa800 JavaThread "Attach Listener" daemon [_thread_blocked, id=4388, stack(0x048e0000,0x04930000)]
  0x004f7800 JavaThread "Signal Dispatcher" daemon [_thread_blocked, id=7560, stack(0x04850000,0x048a0000)]
  0x004ef000 JavaThread "Finalizer" daemon [_thread_blocked, id=3376, stack(0x047c0000,0x04810000)]
  0x004edc00 JavaThread "Reference Handler" daemon [_thread_blocked, id=6884, stack(0x04730000,0x04780000)]

Other Threads:
  0x004b1000 VMThread [stack: 0x046a0000,0x046f0000] [id=7872]
  0x0050a000 WatcherThread [stack: 0x04a90000,0x04ae0000] [id=4452]

VM state:not at safepoint (normal execution)

VM Mutex/Monitor currently owned by a thread: None

Heap
 def new generation   total 16320K, used 11848K [0x246e0000, 0x25890000, 0x29c30000)
  eden space 14528K,  78% used [0x246e0000, 0x251fa078, 0x25510000)
  from space 1792K,  26% used [0x256d0000, 0x257480b8, 0x25890000)
  to   space 1792K,   0% used [0x25510000, 0x25510000, 0x256d0000)
 tenured generation   total 36168K, used 33662K [0x29c30000, 0x2bf82000, 0x346e0000)
   the space 36168K,  93% used [0x29c30000, 0x2bd0fb38, 0x2bd0fc00, 0x2bf82000)
 compacting perm gen  total 14592K, used 14439K [0x346e0000, 0x35520000, 0x386e0000)
   the space 14592K,  98% used [0x346e0000, 0x354f9ed0, 0x354fa000, 0x35520000)
    ro space 10240K,  51% used [0x386e0000, 0x38c0d0b8, 0x38c0d200, 0x390e0000)
    rw space 12288K,  54% used [0x390e0000, 0x39779570, 0x39779600, 0x39ce0000)

Code Cache  [0x02600000, 0x029d0000, 0x04600000)
 total_blobs=2300 nmethods=1904 adapters=331 free_code_cache=29578496 largest_free_block=384

Dynamic libraries:
0x00400000 - 0x00424000 	C:\Program Files (x86)\Java\jre6\bin\javaw.exe
0x774a0000 - 0x77620000 	C:\Windows\SysWOW64\ntdll.dll
0x75150000 - 0x75260000 	C:\Windows\syswow64\kernel32.dll
0x76890000 - 0x768d6000 	C:\Windows\syswow64\KERNELBASE.dll
0x76290000 - 0x76330000 	C:\Windows\syswow64\ADVAPI32.dll
0x76770000 - 0x7681c000 	C:\Windows\syswow64\msvcrt.dll
0x76b40000 - 0x76b59000 	C:\Windows\SysWOW64\sechost.dll
0x761a0000 - 0x76290000 	C:\Windows\syswow64\RPCRT4.dll
0x74b90000 - 0x74bf0000 	C:\Windows\syswow64\SspiCli.dll
0x74b80000 - 0x74b8c000 	C:\Windows\syswow64\CRYPTBASE.dll
0x74e60000 - 0x74f60000 	C:\Windows\syswow64\USER32.dll
0x764f0000 - 0x76580000 	C:\Windows\syswow64\GDI32.dll
0x76190000 - 0x7619a000 	C:\Windows\syswow64\LPK.dll
0x75430000 - 0x754cd000 	C:\Windows\syswow64\USP10.dll
0x76a80000 - 0x76ae0000 	C:\Windows\system32\IMM32.DLL
0x76610000 - 0x766dc000 	C:\Windows\syswow64\MSCTF.dll
0x7c340000 - 0x7c396000 	C:\Program Files (x86)\Java\jre6\bin\msvcr71.dll
0x6d7f0000 - 0x6da9f000 	C:\Program Files (x86)\Java\jre6\bin\client\jvm.dll
0x71db0000 - 0x71de2000 	C:\Windows\system32\WINMM.dll
0x72360000 - 0x723ac000 	C:\Windows\system32\apphelp.dll
0x6d7a0000 - 0x6d7ac000 	C:\Program Files (x86)\Java\jre6\bin\verify.dll
0x6d320000 - 0x6d33f000 	C:\Program Files (x86)\Java\jre6\bin\java.dll
0x6d7e0000 - 0x6d7ef000 	C:\Program Files (x86)\Java\jre6\bin\zip.dll
0x6d000000 - 0x6d14c000 	C:\Program Files (x86)\Java\jre6\bin\awt.dll
0x71710000 - 0x71761000 	C:\Windows\system32\WINSPOOL.DRV
0x74fc0000 - 0x7511c000 	C:\Windows\syswow64\ole32.dll
0x748b0000 - 0x74a4e000 	C:\Windows\WinSxS\x86_microsoft.windows.common-controls_6595b64144ccf1df_6.0.7601.17514_none_41e6975e2bd6f2b2\COMCTL32.dll
0x76ae0000 - 0x76b37000 	C:\Windows\syswow64\SHLWAPI.dll
0x71b20000 - 0x71b33000 	C:\Windows\system32\DWMAPI.DLL
0x71b40000 - 0x71bc0000 	C:\Windows\system32\uxtheme.dll
0x6d230000 - 0x6d27f000 	C:\Program Files (x86)\Java\jre6\bin\fontmanager.dll
0x70640000 - 0x70803000 	C:\Windows\system32\d3d9.dll
0x71c90000 - 0x71c99000 	C:\Windows\system32\VERSION.dll
0x70ce0000 - 0x70ce6000 	C:\Windows\system32\d3d8thk.dll
0x6a500000 - 0x6ac65000 	C:\Windows\system32\nvd3dum.dll
0x737b0000 - 0x737d5000 	C:\Windows\system32\powrprof.dll
0x768e0000 - 0x76a7d000 	C:\Windows\syswow64\SETUPAPI.dll
0x74e30000 - 0x74e57000 	C:\Windows\syswow64\CFGMGR32.dll
0x76580000 - 0x7660f000 	C:\Windows\syswow64\OLEAUT32.dll
0x76870000 - 0x76882000 	C:\Windows\syswow64\DEVOBJ.dll
0x754d0000 - 0x7611a000 	C:\Windows\system32\shell32.dll
0x10000000 - 0x1004d000 	C:\Users\Tarik\workspace\GeoCube - Copy (7)\dll\jogl.dll
0x6fcb0000 - 0x6fd78000 	C:\Windows\system32\OPENGL32.dll
0x6fc80000 - 0x6fca2000 	C:\Windows\system32\GLU32.dll
0x6ca50000 - 0x6cb37000 	C:\Windows\system32\DDRAW.dll
0x70270000 - 0x70276000 	C:\Windows\system32\DCIMAN32.dll
0x6d600000 - 0x6d613000 	C:\Program Files (x86)\Java\jre6\bin\net.dll
0x76830000 - 0x76865000 	C:\Windows\syswow64\WS2_32.dll
0x74fb0000 - 0x74fb6000 	C:\Windows\syswow64\NSI.dll
0x72120000 - 0x7215c000 	C:\Windows\system32\mswsock.dll
0x74a70000 - 0x74a76000 	C:\Windows\System32\wship6.dll
0x72030000 - 0x72035000 	C:\Windows\System32\wshtcpip.dll
0x720d0000 - 0x72114000 	C:\Windows\system32\DNSAPI.dll
0x72090000 - 0x720b7000 	C:\Program Files (x86)\Common Files\Microsoft Shared\Windows Live\WLIDNSP.DLL
0x76120000 - 0x76125000 	C:\Windows\syswow64\PSAPI.DLL
0x74aa0000 - 0x74abc000 	C:\Windows\system32\IPHLPAPI.DLL
0x74a90000 - 0x74a97000 	C:\Windows\system32\WINNSI.DLL
0x72040000 - 0x72046000 	C:\Windows\system32\rasadhlp.dll
0x72050000 - 0x72088000 	C:\Windows\System32\fwpuclnt.dll
0x6d620000 - 0x6d629000 	C:\Program Files (x86)\Java\jre6\bin\nio.dll
0x6d350000 - 0x6d356000 	C:\Program Files (x86)\Java\jre6\bin\jawt.dll
0x05650000 - 0x05655000 	C:\Users\Tarik\workspace\GeoCube - Copy (7)\dll\jogl_awt.dll
0x69500000 - 0x69f01000 	C:\Windows\system32\nvoglv32.DLL
0x75370000 - 0x753f3000 	C:\Windows\syswow64\CLBCatQ.DLL
0x746b0000 - 0x747a5000 	C:\Windows\system32\propsys.dll
0x74670000 - 0x74691000 	C:\Windows\system32\ntmarta.dll
0x74f60000 - 0x74fa5000 	C:\Windows\syswow64\WLDAP32.dll
0x099c0000 - 0x09b58000 	C:\Windows\system32\NetworkExplorer.dll
0x73780000 - 0x737ae000 	C:\Windows\System32\shdocvw.dll
0x72320000 - 0x7232b000 	C:\Windows\system32\profapi.dll
0x74130000 - 0x7413a000 	C:\Windows\system32\slc.dll
0x73760000 - 0x73772000 	C:\Windows\system32\MPR.dll
0x70540000 - 0x70548000 	C:\Windows\System32\drprov.dll
0x72160000 - 0x72189000 	C:\Windows\System32\WINSTA.dll
0x703b0000 - 0x703c4000 	C:\Windows\System32\ntlanman.dll
0x70390000 - 0x703a7000 	C:\Windows\System32\davclnt.dll
0x70100000 - 0x70108000 	C:\Windows\System32\DAVHLPR.dll
0x72470000 - 0x7247f000 	C:\Windows\system32\wkscli.dll
0x6cf10000 - 0x6cf1b000 	C:\Windows\system32\cscapi.dll
0x743a0000 - 0x743a9000 	C:\Windows\system32\netutils.dll
0x683f0000 - 0x68628000 	C:\Windows\system32\wpdshext.dll
0x73020000 - 0x731b0000 	C:\Windows\WinSxS\x86_microsoft.windows.gdiplus_6595b64144ccf1df_1.1.7601.17514_none_72d18a4386696c80\gdiplus.dll
0x6d4b0000 - 0x6d539000 	C:\Windows\system32\PortableDeviceApi.dll
0x75400000 - 0x7542d000 	C:\Windows\syswow64\WINTRUST.dll
0x74d10000 - 0x74e2d000 	C:\Windows\syswow64\CRYPT32.dll
0x77470000 - 0x7747c000 	C:\Windows\syswow64\MSASN1.dll
0x70af0000 - 0x70b2f000 	C:\Windows\system32\audiodev.dll
0x68180000 - 0x683e7000 	C:\Windows\system32\WMVCore.DLL
0x70b30000 - 0x70b6d000 	C:\Windows\system32\WMASF.DLL
0x66d60000 - 0x66d91000 	C:\Windows\system32\EhStorShell.dll
0x6fc10000 - 0x6fc32000 	C:\Windows\system32\EhStorAPI.dll
0x746a0000 - 0x746a9000 	C:\Windows\system32\LINKINFO.dll
0x71770000 - 0x719d5000 	C:\Windows\System32\netshell.dll
0x72270000 - 0x72280000 	C:\Windows\System32\nlaapi.dll
0x74890000 - 0x748a6000 	C:\Windows\system32\CRYPTSP.dll
0x74850000 - 0x7488b000 	C:\Windows\system32\rsaenh.dll
0x72330000 - 0x72347000 	C:\Windows\system32\USERENV.dll
0x721c0000 - 0x721d0000 	C:\Windows\system32\napinsp.dll
0x721a0000 - 0x721b2000 	C:\Windows\system32\pnrpnsp.dll
0x72190000 - 0x7219d000 	C:\Windows\system32\wshbth.dll
0x720c0000 - 0x720c8000 	C:\Windows\System32\winrnr.dll

VM Arguments:
jvm_args: -Djava.library.path=C:\Users\Tarik\workspace\.metadata\.plugins\org.eclipse.ve.java.core\.cache\.libCache\-641353084;C:\Users\Tarik\workspace\GeoCube - Copy (7)\dll;C:\Users\Tarik\workspace\GeoCube - Copy (7)\dll -Dfile.encoding=Cp1252 
java_command: layout.Shapefiles
Launcher Type: SUN_STANDARD

Environment Variables:
JAVA_HOME=C:\Program Files (x86)\Java
CLASSPATH=C:\Program Files (x86)\Java\lib\tools.jar
PATH=C:/Program Files (x86)/Java/jre6/bin/client;C:/Program Files (x86)/Java/jre6/bin;C:\Program Files\Common Files\Microsoft Shared\Windows Live;C:\Program Files (x86)\Common Files\Microsoft Shared\Windows Live;c:\program files (x86)\miktex 2.8\miktex\bin;C:\Windows\system32;C:\Windows;C:\Windows\system32\wbem;C:\Windows\system32\windowspowershell\v1.0\;C:\Program Files (x86)\Java\bin;C:\Program Files\WIDCOMM\Bluetooth Software\;C:\Program Files\WIDCOMM\Bluetooth Software\syswow64;C:\Program Files\Dell\DW WLAN Card;C:\Program Files (x86)\Java\jdk1.6.0_20\bin;C:\Program Files (x86)\Windows Live\Shared;C:\Program Files (x86)\Lua\5.1;C:\Program Files (x86)\Lua\5.1\clibs;C:\Program Files\TortoiseSVN\bin;C:\Program Files (x86)\Calibre2\;C:\Users\Tarik\AppData\Roaming\MiKTeX\2.8\miktex\bin\ ;C:\Users\Tarik\AppData\Roaming\MiKTeX\2.8\miktex\bin\;C:\Qt\4.2.2\bin\;C:\QtSDK\Simulator\Qt\mingw\bin
USERNAME=Tarik
OS=Windows_NT
PROCESSOR_IDENTIFIER=Intel64 Family 6 Model 23 Stepping 10, GenuineIntel



---------------  S Y S T E M  ---------------

OS: Windows 7 , 64 bit Build 7601 Service Pack 1

CPU:total 2 (2 cores per cpu, 1 threads per core) family 6 model 23 stepping 10, cmov, cx8, fxsr, mmx, sse, sse2, sse3, ssse3, sse4.1

Memory: 4k page, physical 4181908k(1483248k free), swap 8361968k(4647576k free)

vm_info: Java HotSpot(TM) Client VM (20.4-b02) for windows-x86 JRE (1.6.0_29-b11), built on Oct  3 2011 01:01:08 by "java_re" with MS VC++ 7.1 (VS2003)

time: Sat Dec 10 01:14:54 2011
elapsed time: 18 seconds

